# JRE version: Java(TM) SE Runtime Environment (8.0_25-b17) (build 1.8.0_25-b17)
# Java VM: Java HotSpot(TM) 64-Bit Server VM (25.25-b02 mixed mode linux-amd64 compressed oops)
Heap:
 PSYoungGen      total 177664K, used 177634K [0x00000000eab00000, 0x00000000f9100000, 0x0000000100000000)
  eden space 161792K, 100% used [0x00000000eab00000,0x00000000f4900000,0x00000000f4900000)
  from space 15872K, 99% used [0x00000000f4900000,0x00000000f5878978,0x00000000f5880000)
  to   space 19968K, 61% used [0x00000000f7d80000,0x00000000f896f6f0,0x00000000f9100000)
 ParOldGen       total 75776K, used 53795K [0x00000000c0000000, 0x00000000c4a00000, 0x00000000eab00000)
  object space 75776K, 70% used [0x00000000c0000000,0x00000000c3488e30,0x00000000c4a00000)
 Metaspace       used 55969K, capacity 59204K, committed 59392K, reserved 1099776K
  class space    used 7719K, capacity 8915K, committed 8960K, reserved 1048576K
GC Heap History (10 events):
Event: 106,479 GC heap after
Heap after GC invocations=17 (full 2):
 PSYoungGen      total 138240K, used 12800K [0x00000000eab00000, 0x00000000f6a00000, 0x0000000100000000)
  eden space 125440K, 0% used [0x00000000eab00000,0x00000000eab00000,0x00000000f2580000)
  from space 12800K, 100% used [0x00000000f2580000,0x00000000f3200000,0x00000000f3200000)
  to   space 16896K, 0% used [0x00000000f5980000,0x00000000f5980000,0x00000000f6a00000)
 ParOldGen       total 43520K, used 26124K [0x00000000c0000000, 0x00000000c2a80000, 0x00000000eab00000)
  object space 43520K, 60% used [0x00000000c0000000,0x00000000c1983238,0x00000000c2a80000)
 Metaspace       used 35585K, capacity 37054K, committed 37248K, reserved 1081344K
  class space    used 4902K, capacity 5452K, committed 5504K, reserved 1048576K
}
Event: 120,313 GC heap before
{Heap before GC invocations=18 (full 2):
 PSYoungGen      total 138240K, used 79803K [0x00000000eab00000, 0x00000000f6a00000, 0x0000000100000000)
  eden space 125440K, 53% used [0x00000000eab00000,0x00000000eec6eee8,0x00000000f2580000)
  from space 12800K, 100% used [0x00000000f2580000,0x00000000f3200000,0x00000000f3200000)
  to   space 16896K, 0% used [0x00000000f5980000,0x00000000f5980000,0x00000000f6a00000)
 ParOldGen       total 43520K, used 26124K [0x00000000c0000000, 0x00000000c2a80000, 0x00000000eab00000)
  object space 43520K, 60% used [0x00000000c0000000,0x00000000c1983238,0x00000000c2a80000)
 Metaspace       used 41932K, capacity 43609K, committed 43904K, reserved 1087488K
  class space    used 5787K, capacity 6412K, committed 6528K, reserved 1048576K
Event: 120,618 GC heap after
Heap after GC invocations=18 (full 2):
 PSYoungGen      total 176640K, used 3745K [0x00000000eab00000, 0x00000000f6800000, 0x0000000100000000)
  eden space 161792K, 0% used [0x00000000eab00000,0x00000000eab00000,0x00000000f4900000)
  from space 14848K, 25% used [0x00000000f5980000,0x00000000f5d28730,0x00000000f6800000)
  to   space 15872K, 0% used [0x00000000f4900000,0x00000000f4900000,0x00000000f5880000)
 ParOldGen       total 43520K, used 38880K [0x00000000c0000000, 0x00000000c2a80000, 0x00000000eab00000)
  object space 43520K, 89% used [0x00000000c0000000,0x00000000c25f8338,0x00000000c2a80000)
 Metaspace       used 41932K, capacity 43609K, committed 43904K, reserved 1087488K
  class space    used 5787K, capacity 6412K, committed 6528K, reserved 1048576K
}
Event: 120,618 GC heap before
{Heap before GC invocations=19 (full 3):
 PSYoungGen      total 176640K, used 3745K [0x00000000eab00000, 0x00000000f6800000, 0x0000000100000000)
  eden space 161792K, 0% used [0x00000000eab00000,0x00000000eab00000,0x00000000f4900000)
  from space 14848K, 25% used [0x00000000f5980000,0x00000000f5d28730,0x00000000f6800000)
  to   space 15872K, 0% used [0x00000000f4900000,0x00000000f4900000,0x00000000f5880000)
 ParOldGen       total 43520K, used 38880K [0x00000000c0000000, 0x00000000c2a80000, 0x00000000eab00000)
  object space 43520K, 89% used [0x00000000c0000000,0x00000000c25f8338,0x00000000c2a80000)
 Metaspace       used 41932K, capacity 43609K, committed 43904K, reserved 1087488K
  class space    used 5787K, capacity 6412K, committed 6528K, reserved 1048576K
Event: 122,984 GC heap after
Heap after GC invocations=19 (full 3):
 PSYoungGen      total 176640K, used 0K [0x00000000eab00000, 0x00000000f6800000, 0x0000000100000000)
  eden space 161792K, 0% used [0x00000000eab00000,0x00000000eab00000,0x00000000f4900000)
  from space 14848K, 0% used [0x00000000f5980000,0x00000000f5980000,0x00000000f6800000)
  to   space 15872K, 0% used [0x00000000f4900000,0x00000000f4900000,0x00000000f5880000)
 ParOldGen       total 43520K, used 36834K [0x00000000c0000000, 0x00000000c2a80000, 0x00000000eab00000)
  object space 43520K, 84% used [0x00000000c0000000,0x00000000c23f8b48,0x00000000c2a80000)
 Metaspace       used 41898K, capacity 43495K, committed 43904K, reserved 1087488K
  class space    used 5779K, capacity 6378K, committed 6528K, reserved 1048576K
}
Event: 161,293 GC heap before
{Heap before GC invocations=20 (full 4):
 PSYoungGen      total 176640K, used 161792K [0x00000000eab00000, 0x00000000f6800000, 0x0000000100000000)
  eden space 161792K, 100% used [0x00000000eab00000,0x00000000f4900000,0x00000000f4900000)
  from space 14848K, 0% used [0x00000000f5980000,0x00000000f5980000,0x00000000f6800000)
  to   space 15872K, 0% used [0x00000000f4900000,0x00000000f4900000,0x00000000f5880000)
 ParOldGen       total 43520K, used 36834K [0x00000000c0000000, 0x00000000c2a80000, 0x00000000eab00000)
  object space 43520K, 84% used [0x00000000c0000000,0x00000000c23f8b48,0x00000000c2a80000)
 Metaspace       used 46511K, capacity 48769K, committed 49024K, reserved 1091584K
  class space    used 6365K, capacity 7233K, committed 7296K, reserved 1048576K
Event: 164,021 GC heap after
Heap after GC invocations=20 (full 4):
 PSYoungGen      total 176640K, used 5995K [0x00000000eab00000, 0x00000000f6800000, 0x0000000100000000)
  eden space 161792K, 3% used [0x00000000eab00000,0x00000000eb0dad90,0x00000000f4900000)
  from space 14848K, 0% used [0x00000000f5980000,0x00000000f5980000,0x00000000f6800000)
  to   space 15872K, 0% used [0x00000000f4900000,0x00000000f4900000,0x00000000f5880000)
 ParOldGen       total 75776K, used 43496K [0x00000000c0000000, 0x00000000c4a00000, 0x00000000eab00000)
  object space 75776K, 57% used [0x00000000c0000000,0x00000000c2a7a320,0x00000000c4a00000)
 Metaspace       used 46511K, capacity 48769K, committed 49024K, reserved 1091584K
  class space    used 6365K, capacity 7233K, committed 7296K, reserved 1048576K
}
Event: 224,105 GC heap before
{Heap before GC invocations=21 (full 4):
 PSYoungGen      total 176640K, used 161792K [0x00000000eab00000, 0x00000000f6800000, 0x0000000100000000)
  eden space 161792K, 100% used [0x00000000eab00000,0x00000000f4900000,0x00000000f4900000)
  from space 14848K, 0% used [0x00000000f5980000,0x00000000f5980000,0x00000000f6800000)
  to   space 15872K, 0% used [0x00000000f4900000,0x00000000f4900000,0x00000000f5880000)
 ParOldGen       total 75776K, used 43496K [0x00000000c0000000, 0x00000000c4a00000, 0x00000000eab00000)
  object space 75776K, 57% used [0x00000000c0000000,0x00000000c2a7a320,0x00000000c4a00000)
 Metaspace       used 50161K, capacity 52806K, committed 52992K, reserved 1093632K
  class space    used 6873K, capacity 7890K, committed 7936K, reserved 1048576K
Event: 224,511 GC heap after
Heap after GC invocations=21 (full 4):
 PSYoungGen      total 177664K, used 15842K [0x00000000eab00000, 0x00000000f9100000, 0x0000000100000000)
  eden space 161792K, 0% used [0x00000000eab00000,0x00000000eab00000,0x00000000f4900000)
  from space 15872K, 99% used [0x00000000f4900000,0x00000000f5878978,0x00000000f5880000)
  to   space 19968K, 0% used [0x00000000f7d80000,0x00000000f7d80000,0x00000000f9100000)
 ParOldGen       total 75776K, used 46332K [0x00000000c0000000, 0x00000000c4a00000, 0x00000000eab00000)
  object space 75776K, 61% used [0x00000000c0000000,0x00000000c2d3f398,0x00000000c4a00000)
 Metaspace       used 50161K, capacity 52806K, committed 52992K, reserved 1093632K
  class space    used 6873K, capacity 7890K, committed 7936K, reserved 1048576K
}
Event: 237,934 GC heap before
{Heap before GC invocations=22 (full 4):
 PSYoungGen      total 177664K, used 177634K [0x00000000eab00000, 0x00000000f9100000, 0x0000000100000000)
  eden space 161792K, 100% used [0x00000000eab00000,0x00000000f4900000,0x00000000f4900000)
  from space 15872K, 99% used [0x00000000f4900000,0x00000000f5878978,0x00000000f5880000)
  to   space 19968K, 0% used [0x00000000f7d80000,0x00000000f7d80000,0x00000000f9100000)
 ParOldGen       total 75776K, used 46332K [0x00000000c0000000, 0x00000000c4a00000, 0x00000000eab00000)
  object space 75776K, 61% used [0x00000000c0000000,0x00000000c2d3f398,0x00000000c4a00000)
 Metaspace       used 55969K, capacity 59204K, committed 59392K, reserved 1099776K
  class space    used 7719K, capacity 8915K, committed 8960K, reserved 1048576K

