# JRE version: Java(TM) SE Runtime Environment (8.0_25-b17) (build 1.8.0_25-b17)
# Java VM: Java HotSpot(TM) 64-Bit Server VM (25.25-b02 mixed mode linux-amd64 compressed oops)
Heap:
 PSYoungGen      total 151552K, used 51782K [0x00000000eab00000, 0x00000000f7700000, 0x0000000100000000)
  eden space 136704K, 27% used [0x00000000eab00000,0x00000000ecf17d38,0x00000000f3080000)
  from space 14848K, 99% used [0x00000000f3080000,0x00000000f3ef9bd8,0x00000000f3f00000)
  to   space 18944K, 0% used [0x00000000f6480000,0x00000000f6480000,0x00000000f7700000)
 ParOldGen       total 52224K, used 29436K [0x00000000c0000000, 0x00000000c3300000, 0x00000000eab00000)
  object space 52224K, 56% used [0x00000000c0000000,0x00000000c1cbf1b8,0x00000000c3300000)
 Metaspace       used 42986K, capacity 44515K, committed 44672K, reserved 1087488K
  class space    used 5861K, capacity 6436K, committed 6528K, reserved 1048576K
GC Heap History (10 events):
Event: 9,340 GC heap before
{Heap before GC invocations=11 (full 1):
 PSYoungGen      total 112640K, used 1413K [0x00000000eab00000, 0x00000000f1f80000, 0x0000000100000000)
  eden space 105984K, 0% used [0x00000000eab00000,0x00000000eab00000,0x00000000f1280000)
  from space 6656K, 21% used [0x00000000f1900000,0x00000000f1a61540,0x00000000f1f80000)
  to   space 6656K, 0% used [0x00000000f1280000,0x00000000f1280000,0x00000000f1900000)
 ParOldGen       total 22016K, used 14164K [0x00000000c0000000, 0x00000000c1580000, 0x00000000eab00000)
  object space 22016K, 64% used [0x00000000c0000000,0x00000000c0dd5240,0x00000000c1580000)
 Metaspace       used 20734K, capacity 21006K, committed 21296K, reserved 1067008K
  class space    used 2780K, capacity 2863K, committed 2944K, reserved 1048576K
Event: 9,511 GC heap after
Heap after GC invocations=11 (full 1):
 PSYoungGen      total 112640K, used 0K [0x00000000eab00000, 0x00000000f1f80000, 0x0000000100000000)
  eden space 105984K, 0% used [0x00000000eab00000,0x00000000eab00000,0x00000000f1280000)
  from space 6656K, 0% used [0x00000000f1900000,0x00000000f1900000,0x00000000f1f80000)
  to   space 6656K, 0% used [0x00000000f1280000,0x00000000f1280000,0x00000000f1900000)
 ParOldGen       total 25088K, used 9650K [0x00000000c0000000, 0x00000000c1880000, 0x00000000eab00000)
  object space 25088K, 38% used [0x00000000c0000000,0x00000000c096cae0,0x00000000c1880000)
 Metaspace       used 20734K, capacity 21006K, committed 21296K, reserved 1067008K
  class space    used 2780K, capacity 2863K, committed 2944K, reserved 1048576K
}
Event: 14,537 GC heap before
{Heap before GC invocations=12 (full 1):
 PSYoungGen      total 112640K, used 105984K [0x00000000eab00000, 0x00000000f1f80000, 0x0000000100000000)
  eden space 105984K, 100% used [0x00000000eab00000,0x00000000f1280000,0x00000000f1280000)
  from space 6656K, 0% used [0x00000000f1900000,0x00000000f1900000,0x00000000f1f80000)
  to   space 6656K, 0% used [0x00000000f1280000,0x00000000f1280000,0x00000000f1900000)
 ParOldGen       total 25088K, used 9650K [0x00000000c0000000, 0x00000000c1880000, 0x00000000eab00000)
  object space 25088K, 38% used [0x00000000c0000000,0x00000000c096cae0,0x00000000c1880000)
 Metaspace       used 27357K, capacity 28046K, committed 28416K, reserved 1073152K
  class space    used 3576K, capacity 3832K, committed 3840K, reserved 1048576K
Event: 14,601 GC heap after
Heap after GC invocations=12 (full 1):
 PSYoungGen      total 112640K, used 6644K [0x00000000eab00000, 0x00000000f4780000, 0x0000000100000000)
  eden space 105984K, 0% used [0x00000000eab00000,0x00000000eab00000,0x00000000f1280000)
  from space 6656K, 99% used [0x00000000f1280000,0x00000000f18fd020,0x00000000f1900000)
  to   space 8704K, 0% used [0x00000000f3f00000,0x00000000f3f00000,0x00000000f4780000)
 ParOldGen       total 25088K, used 12856K [0x00000000c0000000, 0x00000000c1880000, 0x00000000eab00000)
  object space 25088K, 51% used [0x00000000c0000000,0x00000000c0c8e198,0x00000000c1880000)
 Metaspace       used 27357K, capacity 28046K, committed 28416K, reserved 1073152K
  class space    used 3576K, capacity 3832K, committed 3840K, reserved 1048576K
}
Event: 18,246 GC heap before
{Heap before GC invocations=13 (full 1):
 PSYoungGen      total 112640K, used 112628K [0x00000000eab00000, 0x00000000f4780000, 0x0000000100000000)
  eden space 105984K, 100% used [0x00000000eab00000,0x00000000f1280000,0x00000000f1280000)
  from space 6656K, 99% used [0x00000000f1280000,0x00000000f18fd020,0x00000000f1900000)
  to   space 8704K, 0% used [0x00000000f3f00000,0x00000000f3f00000,0x00000000f4780000)
 ParOldGen       total 25088K, used 12856K [0x00000000c0000000, 0x00000000c1880000, 0x00000000eab00000)
  object space 25088K, 51% used [0x00000000c0000000,0x00000000c0c8e198,0x00000000c1880000)
 Metaspace       used 32791K, capacity 33938K, committed 34176K, reserved 1079296K
  class space    used 4407K, capacity 4887K, committed 4992K, reserved 1048576K
Event: 18,439 GC heap after
Heap after GC invocations=13 (full 1):
 PSYoungGen      total 145408K, used 8672K [0x00000000eab00000, 0x00000000f5700000, 0x0000000100000000)
  eden space 136704K, 0% used [0x00000000eab00000,0x00000000eab00000,0x00000000f3080000)
  from space 8704K, 99% used [0x00000000f3f00000,0x00000000f4778010,0x00000000f4780000)
  to   space 14848K, 0% used [0x00000000f3080000,0x00000000f3080000,0x00000000f3f00000)
 ParOldGen       total 25600K, used 25177K [0x00000000c0000000, 0x00000000c1900000, 0x00000000eab00000)
  object space 25600K, 98% used [0x00000000c0000000,0x00000000c1896588,0x00000000c1900000)
 Metaspace       used 32791K, capacity 33938K, committed 34176K, reserved 1079296K
  class space    used 4407K, capacity 4887K, committed 4992K, reserved 1048576K
}
Event: 18,439 GC heap before
{Heap before GC invocations=14 (full 2):
 PSYoungGen      total 145408K, used 8672K [0x00000000eab00000, 0x00000000f5700000, 0x0000000100000000)
  eden space 136704K, 0% used [0x00000000eab00000,0x00000000eab00000,0x00000000f3080000)
  from space 8704K, 99% used [0x00000000f3f00000,0x00000000f4778010,0x00000000f4780000)
  to   space 14848K, 0% used [0x00000000f3080000,0x00000000f3080000,0x00000000f3f00000)
 ParOldGen       total 25600K, used 25177K [0x00000000c0000000, 0x00000000c1900000, 0x00000000eab00000)
  object space 25600K, 98% used [0x00000000c0000000,0x00000000c1896588,0x00000000c1900000)
 Metaspace       used 32791K, capacity 33938K, committed 34176K, reserved 1079296K
  class space    used 4407K, capacity 4887K, committed 4992K, reserved 1048576K
Event: 19,027 GC heap after
Heap after GC invocations=14 (full 2):
 PSYoungGen      total 145408K, used 2521K [0x00000000eab00000, 0x00000000f5700000, 0x0000000100000000)
  eden space 136704K, 0% used [0x00000000eab00000,0x00000000eab00000,0x00000000f3080000)
  from space 8704K, 28% used [0x00000000f3f00000,0x00000000f41767f8,0x00000000f4780000)
  to   space 14848K, 0% used [0x00000000f3080000,0x00000000f3080000,0x00000000f3f00000)
 ParOldGen       total 52224K, used 25215K [0x00000000c0000000, 0x00000000c3300000, 0x00000000eab00000)
  object space 52224K, 48% used [0x00000000c0000000,0x00000000c189fc18,0x00000000c3300000)
 Metaspace       used 32791K, capacity 33938K, committed 34176K, reserved 1079296K
  class space    used 4407K, capacity 4887K, committed 4992K, reserved 1048576K
}
Event: 23,922 GC heap before
{Heap before GC invocations=15 (full 2):
 PSYoungGen      total 145408K, used 139225K [0x00000000eab00000, 0x00000000f5700000, 0x0000000100000000)
  eden space 136704K, 100% used [0x00000000eab00000,0x00000000f3080000,0x00000000f3080000)
  from space 8704K, 28% used [0x00000000f3f00000,0x00000000f41767f8,0x00000000f4780000)
  to   space 14848K, 0% used [0x00000000f3080000,0x00000000f3080000,0x00000000f3f00000)
 ParOldGen       total 52224K, used 25215K [0x00000000c0000000, 0x00000000c3300000, 0x00000000eab00000)
  object space 52224K, 48% used [0x00000000c0000000,0x00000000c189fc18,0x00000000c3300000)
 Metaspace       used 37876K, capacity 39319K, committed 39424K, reserved 1083392K
  class space    used 5230K, capacity 5792K, committed 5888K, reserved 1048576K
Event: 24,042 GC heap after
Heap after GC invocations=15 (full 2):
 PSYoungGen      total 151552K, used 14822K [0x00000000eab00000, 0x00000000f7700000, 0x0000000100000000)
  eden space 136704K, 0% used [0x00000000eab00000,0x00000000eab00000,0x00000000f3080000)
  from space 14848K, 99% used [0x00000000f3080000,0x00000000f3ef9bd8,0x00000000f3f00000)
  to   space 18944K, 0% used [0x00000000f6480000,0x00000000f6480000,0x00000000f7700000)
 ParOldGen       total 52224K, used 29436K [0x00000000c0000000, 0x00000000c3300000, 0x00000000eab00000)
  object space 52224K, 56% used [0x00000000c0000000,0x00000000c1cbf1b8,0x00000000c3300000)
 Metaspace       used 37876K, capacity 39319K, committed 39424K, reserved 1083392K
  class space    used 5230K, capacity 5792K, committed 5888K, reserved 1048576K
}

