# JRE version: Java(TM) SE Runtime Environment (8.0_25-b17) (build 1.8.0_25-b17)
# Java VM: Java HotSpot(TM) 64-Bit Server VM (25.25-b02 mixed mode linux-amd64 compressed oops)
Heap:
 PSYoungGen      total 254976K, used 180373K [0x00000000eab00000, 0x00000000ffc00000, 0x0000000100000000)
  eden space 165888K, 100% used [0x00000000eab00000,0x00000000f4d00000,0x00000000f4d00000)
  from space 89088K, 16% used [0x00000000fa500000,0x00000000fb3256c0,0x00000000ffc00000)
  to   space 89600K, 19% used [0x00000000f4d00000,0x00000000f5deda38,0x00000000fa480000)
 ParOldGen       total 397312K, used 338369K [0x00000000c0000000, 0x00000000d8400000, 0x00000000eab00000)
  object space 397312K, 85% used [0x00000000c0000000,0x00000000d4a704f0,0x00000000d8400000)
 Metaspace       used 296075K, capacity 317528K, committed 318336K, reserved 1320960K
  class space    used 39624K, capacity 47253K, committed 47488K, reserved 1048576K
GC Heap History (10 events):
Event: 10374,114 GC heap after
Heap after GC invocations=106 (full 32):
 PSYoungGen      total 252928K, used 38872K [0x00000000eab00000, 0x0000000100000000, 0x0000000100000000)
  eden space 154624K, 0% used [0x00000000eab00000,0x00000000eab00000,0x00000000f4200000)
  from space 98304K, 39% used [0x00000000f9d80000,0x00000000fc376308,0x00000000ffd80000)
  to   space 93696K, 0% used [0x00000000f4200000,0x00000000f4200000,0x00000000f9d80000)
 ParOldGen       total 338432K, used 322338K [0x00000000c0000000, 0x00000000d4a80000, 0x00000000eab00000)
  object space 338432K, 95% used [0x00000000c0000000,0x00000000d3ac88f8,0x00000000d4a80000)
 Metaspace       used 285073K, capacity 306692K, committed 306944K, reserved 1310720K
  class space    used 38338K, capacity 46239K, committed 46336K, reserved 1048576K
}
Event: 10375,307 GC heap before
{Heap before GC invocations=107 (full 32):
 PSYoungGen      total 252928K, used 80304K [0x00000000eab00000, 0x0000000100000000, 0x0000000100000000)
  eden space 154624K, 26% used [0x00000000eab00000,0x00000000ed375f98,0x00000000f4200000)
  from space 98304K, 39% used [0x00000000f9d80000,0x00000000fc376308,0x00000000ffd80000)
  to   space 93696K, 0% used [0x00000000f4200000,0x00000000f4200000,0x00000000f9d80000)
 ParOldGen       total 338432K, used 322338K [0x00000000c0000000, 0x00000000d4a80000, 0x00000000eab00000)
  object space 338432K, 95% used [0x00000000c0000000,0x00000000d3ac88f8,0x00000000d4a80000)
 Metaspace       used 285587K, capacity 307249K, committed 307456K, reserved 1310720K
  class space    used 38406K, capacity 46334K, committed 46336K, reserved 1048576K
Event: 10376,476 GC heap after
Heap after GC invocations=107 (full 32):
 PSYoungGen      total 248320K, used 34942K [0x00000000eab00000, 0x00000000ffc80000, 0x0000000100000000)
  eden space 154624K, 0% used [0x00000000eab00000,0x00000000eab00000,0x00000000f4200000)
  from space 93696K, 37% used [0x00000000f4200000,0x00000000f641fbe0,0x00000000f9d80000)
  to   space 89600K, 0% used [0x00000000fa500000,0x00000000fa500000,0x00000000ffc80000)
 ParOldGen       total 338432K, used 322338K [0x00000000c0000000, 0x00000000d4a80000, 0x00000000eab00000)
  object space 338432K, 95% used [0x00000000c0000000,0x00000000d3ac88f8,0x00000000d4a80000)
 Metaspace       used 285587K, capacity 307249K, committed 307456K, reserved 1310720K
  class space    used 38406K, capacity 46334K, committed 46336K, reserved 1048576K
}
Event: 10376,478 GC heap before
{Heap before GC invocations=108 (full 33):
 PSYoungGen      total 248320K, used 34942K [0x00000000eab00000, 0x00000000ffc80000, 0x0000000100000000)
  eden space 154624K, 0% used [0x00000000eab00000,0x00000000eab00000,0x00000000f4200000)
  from space 93696K, 37% used [0x00000000f4200000,0x00000000f641fbe0,0x00000000f9d80000)
  to   space 89600K, 0% used [0x00000000fa500000,0x00000000fa500000,0x00000000ffc80000)
 ParOldGen       total 338432K, used 322338K [0x00000000c0000000, 0x00000000d4a80000, 0x00000000eab00000)
  object space 338432K, 95% used [0x00000000c0000000,0x00000000d3ac88f8,0x00000000d4a80000)
 Metaspace       used 285587K, capacity 307249K, committed 307456K, reserved 1310720K
  class space    used 38406K, capacity 46334K, committed 46336K, reserved 1048576K
Event: 10397,870 GC heap after
Heap after GC invocations=108 (full 33):
 PSYoungGen      total 248320K, used 0K [0x00000000eab00000, 0x00000000ffc80000, 0x0000000100000000)
  eden space 154624K, 0% used [0x00000000eab00000,0x00000000eab00000,0x00000000f4200000)
  from space 93696K, 0% used [0x00000000f4200000,0x00000000f4200000,0x00000000f9d80000)
  to   space 89600K, 0% used [0x00000000fa500000,0x00000000fa500000,0x00000000ffc80000)
 ParOldGen       total 338432K, used 334005K [0x00000000c0000000, 0x00000000d4a80000, 0x00000000eab00000)
  object space 338432K, 98% used [0x00000000c0000000,0x00000000d462d6c0,0x00000000d4a80000)
 Metaspace       used 284576K, capacity 305071K, committed 307456K, reserved 1310720K
  class space    used 38015K, capacity 45366K, committed 46336K, reserved 1048576K
}
Event: 10471,869 GC heap before
{Heap before GC invocations=109 (full 34):
 PSYoungGen      total 248320K, used 154624K [0x00000000eab00000, 0x00000000ffc80000, 0x0000000100000000)
  eden space 154624K, 100% used [0x00000000eab00000,0x00000000f4200000,0x00000000f4200000)
  from space 93696K, 0% used [0x00000000f4200000,0x00000000f4200000,0x00000000f9d80000)
  to   space 89600K, 0% used [0x00000000fa500000,0x00000000fa500000,0x00000000ffc80000)
 ParOldGen       total 338432K, used 334005K [0x00000000c0000000, 0x00000000d4a80000, 0x00000000eab00000)
  object space 338432K, 98% used [0x00000000c0000000,0x00000000d462d6c0,0x00000000d4a80000)
 Metaspace       used 288746K, capacity 309837K, committed 310784K, reserved 1312768K
  class space    used 38608K, capacity 46235K, committed 46592K, reserved 1048576K
Event: 10483,985 GC heap after
Heap after GC invocations=109 (full 34):
 PSYoungGen      total 248320K, used 548K [0x00000000eab00000, 0x00000000ffc80000, 0x0000000100000000)
  eden space 154624K, 0% used [0x00000000eab00000,0x00000000eab89210,0x00000000f4200000)
  from space 93696K, 0% used [0x00000000f4200000,0x00000000f4200000,0x00000000f9d80000)
  to   space 89600K, 0% used [0x00000000fa500000,0x00000000fa500000,0x00000000ffc80000)
 ParOldGen       total 397312K, used 338369K [0x00000000c0000000, 0x00000000d8400000, 0x00000000eab00000)
  object space 397312K, 85% used [0x00000000c0000000,0x00000000d4a704f0,0x00000000d8400000)
 Metaspace       used 288230K, capacity 308705K, committed 310784K, reserved 1312768K
  class space    used 38417K, capacity 45743K, committed 46592K, reserved 1048576K
}
Event: 10546,590 GC heap before
{Heap before GC invocations=110 (full 34):
 PSYoungGen      total 248320K, used 154624K [0x00000000eab00000, 0x00000000ffc80000, 0x0000000100000000)
  eden space 154624K, 100% used [0x00000000eab00000,0x00000000f4200000,0x00000000f4200000)
  from space 93696K, 0% used [0x00000000f4200000,0x00000000f4200000,0x00000000f9d80000)
  to   space 89600K, 0% used [0x00000000fa500000,0x00000000fa500000,0x00000000ffc80000)
 ParOldGen       total 397312K, used 338369K [0x00000000c0000000, 0x00000000d8400000, 0x00000000eab00000)
  object space 397312K, 85% used [0x00000000c0000000,0x00000000d4a704f0,0x00000000d8400000)
 Metaspace       used 290432K, capacity 311372K, committed 312576K, reserved 1314816K
  class space    used 38779K, capacity 46247K, committed 46592K, reserved 1048576K
Event: 10547,320 GC heap after
Heap after GC invocations=110 (full 34):
 PSYoungGen      total 254976K, used 14485K [0x00000000eab00000, 0x00000000ffc00000, 0x0000000100000000)
  eden space 165888K, 0% used [0x00000000eab00000,0x00000000eab00000,0x00000000f4d00000)
  from space 89088K, 16% used [0x00000000fa500000,0x00000000fb3256c0,0x00000000ffc00000)
  to   space 89600K, 0% used [0x00000000f4d00000,0x00000000f4d00000,0x00000000fa480000)
 ParOldGen       total 397312K, used 338369K [0x00000000c0000000, 0x00000000d8400000, 0x00000000eab00000)
  object space 397312K, 85% used [0x00000000c0000000,0x00000000d4a704f0,0x00000000d8400000)
 Metaspace       used 290432K, capacity 311372K, committed 312576K, reserved 1314816K
  class space    used 38779K, capacity 46247K, committed 46592K, reserved 1048576K
}
Event: 10550,630 GC heap before
{Heap before GC invocations=111 (full 34):
 PSYoungGen      total 254976K, used 180373K [0x00000000eab00000, 0x00000000ffc00000, 0x0000000100000000)
  eden space 165888K, 100% used [0x00000000eab00000,0x00000000f4d00000,0x00000000f4d00000)
  from space 89088K, 16% used [0x00000000fa500000,0x00000000fb3256c0,0x00000000ffc00000)
  to   space 89600K, 0% used [0x00000000f4d00000,0x00000000f4d00000,0x00000000fa480000)
 ParOldGen       total 397312K, used 338369K [0x00000000c0000000, 0x00000000d8400000, 0x00000000eab00000)
  object space 397312K, 85% used [0x00000000c0000000,0x00000000d4a704f0,0x00000000d8400000)
 Metaspace       used 296075K, capacity 317528K, committed 318336K, reserved 1320960K
  class space    used 39624K, capacity 47253K, committed 47488K, reserved 1048576K

